
2023-03-02 20:16:09
收到的命令: /ls
返回的处理: 17173.py Bilibili.py CMDTest.py Compile.py HelloSpider.py RabbitMQTest.py Redis.py shadow
收到的命令: /pwd
返回的处理: /home/northboat/Desktop/file/python/dev
收到的命令: /uname -a
返回的处理: Linux northboat-nhx0dbde 6.1.12-1-MANJARO #1 SMP PREEMPT_DYNAMIC Tue Feb 14 21:59:10 UTC 2023 x86_64 GNU/Linux
收到的命令: /ps
返回的处理: PID TTY          TIME CMD 10160 pts/0    00:00:00 bash 20893 pts/0    00:00:00 python 21096 pts/0    00:00:00 ps
收到的命令: /java --version
返回的处理: "命令执行失败"
收到的命令: /python -V
返回的处理: Python 3.10.9
收到的命令: /pip -V
返回的处理: pip 23.0 from /usr/lib/python3.10/site-packages/pip (python 3.10)

2023-03-02 22:48:34
收到的命令: /login 123456
返回的处理: yes
收到的命令: /login 123456
返回的处理: yes
收到的命令: /login 123456
返回的处理: yes
收到的命令: /login 1
返回的处理: no
收到的命令: /login 123456
返回的处理: yes
收到的命令: /login 123456
返回的处理: yes
收到的命令: /login 123456
返回的处理: yes
收到的命令: hello
返回的处理: {face:14}Hi~
收到的命令: 还不睡？
返回的处理: 我不会睡觉
收到的命令: northboat
返回的处理: 无聊！打几个实用点的字出来聊行不
收到的命令: /login 123456
返回的处理: yes
收到的命令: /login 123456
返回的处理: yes
收到的命令: /login 123456
返回的处理: yes
收到的命令: /login 123456
返回的处理: yes
收到的命令: /login 132456
返回的处理: no
收到的命令: /login 123456
返回的处理: yes
收到的命令: /login 123456
返回的处理: yes
收到的命令: /login 123456
返回的处理: yes
收到的命令: /login 123456
返回的处理: yes
收到的命令: /login 123465
返回的处理: no
收到的命令: /login 123456
返回的处理: yes
收到的命令: /login 123456
返回的处理: yes
收到的命令: /login 123456
返回的处理: yes
收到的命令: /login 123456
返回的处理: yes
收到的命令: /login 123456
返回的处理: yes
收到的命令: /login 123456
返回的处理: yes
收到的命令: /login 123456
返回的处理: yes
收到的命令: /login 123456
返回的处理: yes
收到的命令: /login 123456
返回的处理: yes
收到的命令: /login 123456
返回的处理: yes
收到的命令: a
返回的处理: 把话说详细点，发个“a”能说明什么
收到的命令: /login 123456
返回的处理: yes
收到的命令: /login 123456
返回的处理: yes
收到的命令: /login 123456
返回的处理: yes
收到的命令: /login 123456
返回的处理: yes

2023-03-04 19:00:18

2023-03-04 19:01:25

2023-03-04 19:05:16

2023-03-04 19:06:06

2023-03-04 19:06:36
收到的命令: /login 011026
返回的处理: yes
收到的命令: /ls
返回的处理: 17173.py Bilibili.py CMDTest.py Compile.py HelloSpider.py RabbitMQTest.py Redis.py shadow
收到的命令: /cache
返回的处理: "命令执行失败"
收到的命令: /cache
返回的处理: "命令执行失败"
收到的命令: /cache
返回的处理: "命令执行失败"
收到的命令: /ls
返回的处理: 17173.py Bilibili.py CMDTest.py Compile.py HelloSpider.py RabbitMQTest.py Redis.py shadow
收到的命令: /pwd
返回的处理: /home/northboat/Desktop/file/python/dev

2023-03-04 19:08:22

2023-03-04 19:11:26

2023-03-04 19:14:13
收到的命令: /cache
返回的处理: "命令执行失败"
收到的命令: /cache
返回的处理: "命令执行失败"
收到的命令: /ls
返回的处理: 17173.py Bilibili.py CMDTest.py Compile.py HelloSpider.py RabbitMQTest.py Redis.py shadow
收到的命令: /cache
返回的处理: "命令执行失败"
收到的命令: dasfdsa
返回的处理: 没什么话题聊了是吗
收到的命令: /ls
返回的处理: 17173.py Bilibili.py CMDTest.py Compile.py HelloSpider.py RabbitMQTest.py Redis.py shadow
收到的命令: /ls
返回的处理: 17173.py Bilibili.py CMDTest.py Compile.py HelloSpider.py RabbitMQTest.py Redis.py shadow

2023-03-04 21:18:50

2023-03-04 21:21:42

2023-03-04 21:22:42

2023-03-04 21:23:07

2023-03-04 21:25:05

2023-03-04 21:29:27

2023-03-04 21:31:31

2023-03-04 21:33:00

2023-03-04 21:35:02

2023-03-04 21:37:23

2023-03-04 21:40:11

2023-03-04 21:41:24

2023-03-04 21:42:06

2023-03-04 21:43:20

2023-03-04 21:44:11

2023-03-04 21:52:34

2023-03-04 21:53:23

2023-03-04 21:59:18
收到的命令: /login 123456
返回的处理: yes
收到的命令: /login 123456
返回的处理: yes
收到的命令: /login 
返回的处理: no
收到的命令: /login 123456
返回的处理: yes
收到的命令: /login 123456
返回的处理: yes
收到的命令: /login 123456
返回的处理: yes
收到的命令: /login 123456
返回的处理: yes
收到的命令: /login 123456
返回的处理: yes
收到的命令: /login 123456
返回的处理: yes
收到的命令: /ls
返回的处理: 17173.py  2023-03-04 21:13:50 shadow.log Bilibili.py CMDTest.py Compile.py HelloSpider.py RabbitMQTest.py Redis.py shadow
收到的命令: /login 13456
返回的处理: no
收到的命令: /login 123456
返回的处理: yes
收到的命令: /ls
返回的处理: 17173.py  2023-03-04 21:13:50 shadow.log Bilibili.py CMDTest.py Compile.py HelloSpider.py RabbitMQTest.py Redis.py shadow
收到的命令: /login 123456
返回的处理: yes

2023-03-04 22:23:37

2023-03-05 09:31:52

2023-03-05 09:36:18

2023-03-05 09:47:18

2023-03-05 09:49:25

2023-03-05 09:50:04

2023-03-05 10:02:12

2023-03-05 10:03:39

2023-03-05 10:15:39

2023-03-05 10:19:02

2023-03-05 10:21:09

2023-03-05 10:33:02

2023-03-05 10:33:14

2023-03-05 10:33:39

2023-03-05 10:36:06

2023-03-05 10:36:19

2023-03-05 10:36:33

2023-03-05 10:37:47

2023-03-05 10:38:53

2023-03-05 10:40:41

2023-03-05 10:42:22

2023-03-05 10:43:56

2023-03-05 10:44:16

2023-03-05 10:44:34

2023-03-05 10:44:49

2023-03-05 10:45:05

2023-03-05 10:50:42

2023-03-05 10:51:00

2023-03-05 10:51:25

2023-03-05 10:53:08

2023-03-05 10:53:33

2023-03-05 10:57:20

2023-03-05 10:59:23

2023-03-05 11:01:11

2023-03-05 11:04:20

2023-03-05 11:05:23

2023-03-05 11:07:27

2023-03-05 11:07:33

2023-03-05 11:10:43

2023-03-05 11:11:10

2023-03-05 11:12:29

2023-03-05 11:15:36

2023-03-05 11:15:56

2023-03-05 11:16:19

2023-03-05 11:16:39

2023-03-05 11:17:56

2023-03-05 11:39:27

2023-03-05 11:39:39

2023-03-05 11:40:57
收到的命令: /login 123456
返回的处理: yes
收到的命令: /login 123456
返回的处理: yes
收到的命令: /login 123456
返回的处理: yes
收到的命令: /login 123456
返回的处理: yes
收到的命令: /ls
返回的处理: 17173.py  2023-03-04 21:13:50 shadow.log Bilibili.py CMDTest.py Compile.py HelloSpider.py RabbitMQTest.py Redis.py shadow
收到的命令: /pwd
返回的处理: /home/northboat/Desktop/file/python/dev
收到的命令: /login 123456
返回的处理: yes
收到的命令: /ls
返回的处理: 17173.py  2023-03-04 21:13:50 shadow.log Bilibili.py CMDTest.py Compile.py HelloSpider.py RabbitMQTest.py Redis.py shadow
收到的命令: /login 123456
返回的处理: yes
收到的命令: dsa
返回的处理: dsa？不明白你说啥，麻烦您老说明白点
收到的命令: /login 123456
返回的处理: yes
收到的命令: /login 123456
返回的处理: yes
收到的命令: /ls
返回的处理: 17173.py  2023-03-04 21:13:50 shadow.log Bilibili.py CMDTest.py Compile.py HelloSpider.py RabbitMQTest.py Redis.py shadow
收到的命令: +
返回的处理: 未获取到相关信息
收到的命令: /login 123456
返回的处理: yes
收到的命令: /login 123456
返回的处理: yes
收到的命令: /login 123456
返回的处理: yes
收到的命令: /login 123456
返回的处理: yes
收到的命令: /login 123456
返回的处理: yes
收到的命令: /ls
返回的处理: 17173.py  2023-03-04 21:13:50 shadow.log Bilibili.py CMDTest.py Compile.py HelloSpider.py RabbitMQTest.py Redis.py shadow
收到的命令: /login 123456
返回的处理: yes

2023-03-05 12:21:07

2023-03-05 12:25:59

2023-03-05 12:26:48

2023-03-05 12:35:17

2023-03-05 17:01:09

2023-03-05 17:05:23

2023-03-05 17:12:12

2023-03-05 17:14:06

2023-03-05 17:14:58

2023-03-05 18:45:13

2023-03-05 18:46:32
收到的命令: /login 123456
返回的处理: yes
收到的命令: /ls
返回的处理: 17173.py  2023-03-04 21:13:50 shadow.log 233.py Bilibili.py CMDTest.py Compile.py HelloSpider.py RabbitMQTest.py Redis.py shadow test.py
收到的命令: /pwd
返回的处理: /home/northboat/Desktop/file/python/dev
收到的命令: /ls
返回的处理: 17173.py  2023-03-04 21:13:50 shadow.log 233.py Bilibili.py CMDTest.py Compile.py HelloSpider.py RabbitMQTest.py Redis.py shadow test.py
收到的命令: yay
返回的处理: yay？不明白你说啥，麻烦您老说明白点
收到的命令: /yay
返回的处理: 命令执行失败
收到的命令: /ls
返回的处理: 17173.py  2023-03-04 21:13:50 shadow.log 233.py Bilibili.py CMDTest.py Compile.py HelloSpider.py RabbitMQTest.py Redis.py shadow test.py

2023-03-05 18:52:08

2023-03-05 19:20:59

2023-03-05 19:23:31

2023-03-05 19:25:52

2023-03-05 19:29:48

2023-03-05 19:30:20

2023-03-05 20:07:09

2023-03-05 21:31:19

2023-03-05 21:34:34

2023-03-05 21:35:48

2023-03-05 21:36:17

2023-03-05 21:37:00

2023-03-05 21:38:10

2023-03-05 21:38:54

2023-03-05 21:39:47

2023-03-05 21:46:09

2023-03-05 22:00:12

2023-03-05 22:06:16

2023-03-05 22:25:13

2023-03-06 11:35:50

2023-03-06 11:36:27

2023-03-06 11:37:14

2023-03-06 11:37:44

2023-03-06 11:38:29

2023-03-06 11:40:01

2023-03-06 11:47:45

2023-03-06 11:55:31

2023-03-06 11:58:38

2023-03-06 12:01:26

2023-03-06 12:03:33

2023-03-06 12:04:36
